[1744473497] Starter kit setup selesai
[1744473515] File dipindah ke karantina
[1744473515] File dipindah ke karantina
[1744473515] File dipindah ke karantina
[1744473515] File dipindah ke karantina
[1744473515] File dipindah ke karantina
[1744473515] File dipindah ke karantina
[1744473515] File dipindah ke karantina
[1744473515] File dipindah ke karantina
[1744473515] File dipindah ke karantina
[1744473515] File dipindah ke karantina
[1744473515] File dipindah ke karantina
[1744473515] File dipindah ke karantina
[1744473515] File dipindah ke karantina
[1744473515] File dipindah ke karantina
[1744473515] File dipindah ke karantina
[1744473515] File dipindah ke karantina
[1744473515] File dipindah ke karantina
[1744473515] File dipindah ke karantina
[1744473515] File dipindah ke karantina
[1744473515] File dipindah ke karantina
[1744473515] File dipindah ke karantina
[1744473515] File dipindah ke karantina
[1744473515] File dipindah ke karantina
[1744473515] File dipindah ke karantina
[1744473515] File dipindah ke karantina
[1744473528] File dikembalikan
[1744473528] File dikembalikan
[1744473528] File dikembalikan
[1744473528] File dikembalikan
[1744473528] File dikembalikan
[1744473528] File dikembalikan
[1744473528] File dikembalikan
[1744473528] File dikembalikan
[1744473528] File dikembalikan
[1744473528] File dikembalikan
[1744473528] File dikembalikan
[1744473528] File dikembalikan
[1744473528] File dikembalikan
[1744473528] File dikembalikan
[1744473528] File dikembalikan
[1744473528] File dikembalikan
[1744473528] File dikembalikan
[1744473528] File dikembalikan
[1744473528] File dikembalikan
[1744473528] File dikembalikan
[1744473528] File dikembalikan
[1744473528] File dikembalikan
[1744473528] File dikembalikan
[1744473528] File dikembalikan
[1744473528] File dikembalikan
[1744473538] Semua file di karantina telah dihapus
[1744473538] Karantina dihapus
[1744473553] Daemon tidak aktif
